[debug] [2021-08-16T17:55:05.003Z] ----------------------------------------------------------------------
[debug] [2021-08-16T17:55:05.006Z] Command:       C:\Program Files\nodejs\node.exe C:\Users\ASHISH\AppData\Roaming\npm\node_modules\firebase-tools\lib\bin\firebase.js init
[debug] [2021-08-16T17:55:05.006Z] CLI Version:   9.16.5
[debug] [2021-08-16T17:55:05.006Z] Platform:      win32
[debug] [2021-08-16T17:55:05.006Z] Node Version:  v14.17.5
[debug] [2021-08-16T17:55:05.007Z] Time:          Mon Aug 16 2021 23:25:05 GMT+0530 (India Standard Time)
[debug] [2021-08-16T17:55:05.008Z] ----------------------------------------------------------------------
[debug] 
[debug] [2021-08-16T17:55:05.059Z] > command requires scopes: ["email","openid","https://www.googleapis.com/auth/cloudplatformprojects.readonly","https://www.googleapis.com/auth/firebase","https://www.googleapis.com/auth/cloud-platform"]
[debug] [2021-08-16T17:55:05.059Z] > authorizing via signed-in user (singhharshk23@gmail.com)
[info] 
     ######## #### ########  ######## ########     ###     ######  ########
     ##        ##  ##     ## ##       ##     ##  ##   ##  ##       ##
     ######    ##  ########  ######   ########  #########  ######  ######
     ##        ##  ##    ##  ##       ##     ## ##     ##       ## ##
     ##       #### ##     ## ######## ########  ##     ##  ######  ########

You're about to initialize a Firebase project in this directory:

  D:\new-react-tasks\task1\task2

Before we get started, keep in mind:

  * You are initializing within an existing Firebase project directory

[info] 
=== Project Setup
[info] 
[info] First, let's associate this project directory with a Firebase project.
[info] You can create multiple project aliases by running firebase use --add, 
[info] but for now we'll just set up a default project.
[info] 
[info] i  .firebaserc already has a default project, using movielist-7a88c. 
[debug] [2021-08-16T17:55:29.753Z] > refreshing access token with scopes: []
[debug] [2021-08-16T17:55:29.754Z] >>> HTTP REQUEST POST https://www.googleapis.com/oauth2/v3/token  
 <request body omitted>
[debug] [2021-08-16T17:55:30.401Z] <<< HTTP RESPONSE 200 {"expires":"Mon, 01 Jan 1990 00:00:00 GMT","cache-control":"no-cache, no-store, max-age=0, must-revalidate","date":"Mon, 16 Aug 2021 17:55:31 GMT","pragma":"no-cache","content-type":"application/json; charset=utf-8","vary":"X-Origin, Referer, Origin,Accept-Encoding","server":"scaffolding on HTTPServer2","x-xss-protection":"0","x-frame-options":"SAMEORIGIN","x-content-type-options":"nosniff","alt-svc":"h3=\":443\"; ma=2592000,h3-29=\":443\"; ma=2592000,h3-T051=\":443\"; ma=2592000,h3-Q050=\":443\"; ma=2592000,h3-Q046=\":443\"; ma=2592000,h3-Q043=\":443\"; ma=2592000,quic=\":443\"; ma=2592000; v=\"46,43\"","accept-ranges":"none","transfer-encoding":"chunked"}
[debug] [2021-08-16T17:55:30.418Z] >>> [apiv2][query] GET https://firebase.googleapis.com/v1beta1/projects/movielist-7a88c [none]
[debug] [2021-08-16T17:55:31.708Z] <<< [apiv2][status] GET https://firebase.googleapis.com/v1beta1/projects/movielist-7a88c 200
[debug] [2021-08-16T17:55:31.709Z] <<< [apiv2][body] GET https://firebase.googleapis.com/v1beta1/projects/movielist-7a88c {"projectId":"movielist-7a88c","projectNumber":"554214958645","displayName":"MovieList","name":"projects/movielist-7a88c","resources":{"hostingSite":"movielist-7a88c"},"state":"ACTIVE"}
[info] 
=== Hosting Setup
[info] 
[info] Your public directory is the folder (relative to your project directory) that
[info] will contain Hosting assets to be uploaded with firebase deploy. If you
[info] have a build process for your assets, use your build's output directory.
[info] 
